<?xml version="1.0" encoding="UTF-8"?>
<testng-results skipped="0" failed="0" ignored="0" total="1" passed="1">
  <reporter-output>
  </reporter-output>
  <suite name="Default suite" duration-ms="52729" started-at="2022-04-27T20:05:11 EDT" finished-at="2022-04-27T20:06:04 EDT">
    <groups>
    </groups>
    <test name="Default test" duration-ms="52729" started-at="2022-04-27T20:05:11 EDT" finished-at="2022-04-27T20:06:04 EDT">
      <class name="Test.TestCareer">
        <test-method status="PASS" signature="lCTestCarrer()[pri:0, instance:Test.TestCareer@4b1c1ea0]" name="lCTestCarrer" duration-ms="52689" started-at="2022-04-27T20:05:11 EDT" finished-at="2022-04-27T20:06:04 EDT">
          <reporter-output>
          </reporter-output>
        </test-method> <!-- lCTestCarrer -->
      </class> <!-- Test.TestCareer -->
    </test> <!-- Default test -->
  </suite> <!-- Default suite -->
</testng-results>
